<?xml version="1.0" encoding="UTF-8"?>
<!-- Generated by org.testng.reporters.JUnitReportReporter -->
<testsuite hostname="LAPTOP-0VR0V2U7" failures="0" tests="7" name="com.runner.SmartTechRunner" time="39.160" errors="0" timestamp="2025-11-24T10:32:42 EST" skipped="0">
  <testcase classname="com.runner.SmartTechRunner" name="runScenario" time="5.358"/>
  <testcase classname="com.runner.SmartTechRunner" name="runScenario" time="5.404"/>
  <testcase classname="com.runner.SmartTechRunner" name="runScenario" time="5.471"/>
  <testcase classname="com.runner.SmartTechRunner" name="runScenario" time="6.700"/>
  <testcase classname="com.runner.SmartTechRunner" name="runScenario" time="5.401"/>
  <testcase classname="com.runner.SmartTechRunner" name="runScenario" time="5.496"/>
  <testcase classname="com.runner.SmartTechRunner" name="runScenario" time="5.330"/>
</testsuite> <!-- com.runner.SmartTechRunner -->
