<?xml version="1.0" encoding="UTF-8"?>
<!-- Generated by org.testng.reporters.JUnitReportReporter -->
<testsuite hostname="LAPTOP-0VR0V2U7" failures="0" tests="7" name="com.runner.SmartTechRunner" time="39.332" errors="0" timestamp="2025-11-24T11:10:23 EST" skipped="0">
  <testcase classname="com.runner.SmartTechRunner" name="runScenario" time="5.792"/>
  <testcase classname="com.runner.SmartTechRunner" name="runScenario" time="5.298"/>
  <testcase classname="com.runner.SmartTechRunner" name="runScenario" time="6.354"/>
  <testcase classname="com.runner.SmartTechRunner" name="runScenario" time="5.346"/>
  <testcase classname="com.runner.SmartTechRunner" name="runScenario" time="5.470"/>
  <testcase classname="com.runner.SmartTechRunner" name="runScenario" time="5.642"/>
  <testcase classname="com.runner.SmartTechRunner" name="runScenario" time="5.430"/>
</testsuite> <!-- com.runner.SmartTechRunner -->
